0 info it worked if it ends with ok
1 verbose cli [ '/Users/theo/.nvm/versions/node/v0.12.9/bin/node',
1 verbose cli   '/Users/theo/.nvm/versions/node/v0.12.9/bin/npm',
1 verbose cli   'run',
1 verbose cli   'dev' ]
2 info using npm@2.14.9
3 info using node@v0.12.9
4 verbose run-script [ 'predev', 'dev', 'postdev' ]
5 info predev emma-toolkit@0.1.0
6 info dev emma-toolkit@0.1.0
7 verbose unsafe-perm in lifecycle true
8 info emma-toolkit@0.1.0 Failed to exec dev script
9 verbose stack Error: emma-toolkit@0.1.0 dev: `NODE_ENV=development webpack-dev-server --progress --inline --hot --debug --devtool eval`
9 verbose stack Exit status 1
9 verbose stack     at EventEmitter.<anonymous> (/Users/theo/.nvm/versions/node/v0.12.9/lib/node_modules/npm/lib/utils/lifecycle.js:214:16)
9 verbose stack     at EventEmitter.emit (events.js:110:17)
9 verbose stack     at ChildProcess.<anonymous> (/Users/theo/.nvm/versions/node/v0.12.9/lib/node_modules/npm/lib/utils/spawn.js:24:14)
9 verbose stack     at ChildProcess.emit (events.js:110:17)
9 verbose stack     at maybeClose (child_process.js:1016:16)
9 verbose stack     at Process.ChildProcess._handle.onexit (child_process.js:1088:5)
10 verbose pkgid emma-toolkit@0.1.0
11 verbose cwd /Users/theo/dev/emma-toolkit
12 error Darwin 14.3.0
13 error argv "/Users/theo/.nvm/versions/node/v0.12.9/bin/node" "/Users/theo/.nvm/versions/node/v0.12.9/bin/npm" "run" "dev"
14 error node v0.12.9
15 error npm  v2.14.9
16 error code ELIFECYCLE
17 error emma-toolkit@0.1.0 dev: `NODE_ENV=development webpack-dev-server --progress --inline --hot --debug --devtool eval`
17 error Exit status 1
18 error Failed at the emma-toolkit@0.1.0 dev script 'NODE_ENV=development webpack-dev-server --progress --inline --hot --debug --devtool eval'.
18 error This is most likely a problem with the emma-toolkit package,
18 error not with npm itself.
18 error Tell the author that this fails on your system:
18 error     NODE_ENV=development webpack-dev-server --progress --inline --hot --debug --devtool eval
18 error You can get their info via:
18 error     npm owner ls emma-toolkit
18 error There is likely additional logging output above.
19 verbose exit [ 1, true ]
